<?xml version="1.0" encoding="UTF-8"?>
<!-- Generated by org.testng.reporters.JUnitReportReporter -->
<testsuite hostname="LAPTOP-SM0IGFP9" failures="0" tests="1" name="SumValidation" time="1.399" errors="0" timestamp="2024-08-13T21:07:46 IST" skipped="0">
  <testcase classname="SumValidation" name="sumOfCoursec" time="1.399"/>
  <system-out/>
</testsuite> <!-- SumValidation -->
