<?xml version="1.0" encoding="UTF-8"?>
<!-- Generated by org.testng.reporters.JUnitReportReporter -->
<testsuite hostname="LAPTOP-SM0IGFP9" failures="0" tests="4" name="DynamicJson" time="2.475" errors="0" timestamp="2024-08-13T23:42:30 IST" skipped="0">
  <testcase classname="DynamicJson" name="DeleteBook" time="0.333"/>
  <system-out/>
  <testcase classname="DynamicJson" name="AddBook" time="0.129"/>
  <system-out/>
  <testcase classname="DynamicJson" name="AddBook" time="0.122"/>
  <system-out/>
  <testcase classname="DynamicJson" name="AddBook" time="1.891"/>
  <system-out/>
</testsuite> <!-- DynamicJson -->
